<?xml version="1.0" encoding="UTF-8"?>
<testsuite name="com.liferay.poshi.runner.PoshiRunner" tests="1" skipped="0" failures="1" errors="0" timestamp="2023-02-15T11:54:50" hostname="fedora" time="0.0">
  <properties/>
  <testcase name="initializationError" classname="com.liferay.poshi.runner.PoshiRunner" time="0.0">
    <failure message="java.lang.NullPointerException" type="java.lang.NullPointerException">java.lang.NullPointerException
	at com.liferay.poshi.runner.PoshiRunner.getList(PoshiRunner.java:135)
	at sun.reflect.NativeMethodAccessorImpl.invoke0(Native Method)
	at sun.reflect.NativeMethodAccessorImpl.invoke(NativeMethodAccessorImpl.java:62)
	at sun.reflect.DelegatingMethodAccessorImpl.invoke(DelegatingMethodAccessorImpl.java:43)
	at java.lang.reflect.Method.invoke(Method.java:498)
	at org.junit.runners.model.FrameworkMethod$1.runReflectiveCall(FrameworkMethod.java:59)
	at org.junit.internal.runners.model.ReflectiveCallable.run(ReflectiveCallable.java:12)
	at org.junit.runners.model.FrameworkMethod.invokeExplosively(FrameworkMethod.java:56)
	at org.junit.runners.Parameterized$RunnersFactory.allParameters(Parameterized.java:424)
	at org.junit.runners.Parameterized$RunnersFactory.&lt;init&gt;(Parameterized.java:375)
	at org.junit.runners.Parameterized$RunnersFactory.&lt;init&gt;(Parameterized.java:360)
	at org.junit.runners.Parameterized.&lt;init&gt;(Parameterized.java:303)
	at sun.reflect.NativeConstructorAccessorImpl.newInstance0(Native Method)
	at sun.reflect.NativeConstructorAccessorImpl.newInstance(NativeConstructorAccessorImpl.java:62)
	at sun.reflect.DelegatingConstructorAccessorImpl.newInstance(DelegatingConstructorAccessorImpl.java:45)
	at java.lang.reflect.Constructor.newInstance(Constructor.java:423)
	at org.junit.internal.builders.AnnotatedBuilder.buildRunner(AnnotatedBuilder.java:104)
	at org.junit.internal.builders.AnnotatedBuilder.runnerForClass(AnnotatedBuilder.java:86)
	at org.junit.runners.model.RunnerBuilder.safeRunnerForClass(RunnerBuilder.java:70)
	at org.junit.internal.builders.AllDefaultPossibilitiesBuilder.runnerForClass(AllDefaultPossibilitiesBuilder.java:37)
	at org.junit.runners.model.RunnerBuilder.safeRunnerForClass(RunnerBuilder.java:70)
	at org.junit.internal.requests.ClassRequest.createRunner(ClassRequest.java:28)
	at org.junit.internal.requests.MemoizingRequest.getRunner(MemoizingRequest.java:19)
	at org.gradle.api.internal.tasks.testing.junit.JUnitTestClassExecutor.runTestClass(JUnitTestClassExecutor.java:78)
	at org.gradle.api.internal.tasks.testing.junit.JUnitTestClassExecutor.execute(JUnitTestClassExecutor.java:58)
	at org.gradle.api.internal.tasks.testing.junit.JUnitTestClassExecutor.execute(JUnitTestClassExecutor.java:38)
	at org.gradle.api.internal.tasks.testing.junit.AbstractJUnitTestClassProcessor.processTestClass(AbstractJUnitTestClassProcessor.java:62)
	at org.gradle.api.internal.tasks.testing.SuiteTestClassProcessor.processTestClass(SuiteTestClassProcessor.java:51)
	at sun.reflect.NativeMethodAccessorImpl.invoke0(Native Method)
	at sun.reflect.NativeMethodAccessorImpl.invoke(NativeMethodAccessorImpl.java:62)
	at sun.reflect.DelegatingMethodAccessorImpl.invoke(DelegatingMethodAccessorImpl.java:43)
	at java.lang.reflect.Method.invoke(Method.java:498)
	at org.gradle.internal.dispatch.ReflectionDispatch.dispatch(ReflectionDispatch.java:36)
	at org.gradle.internal.dispatch.ReflectionDispatch.dispatch(ReflectionDispatch.java:24)
	at org.gradle.internal.dispatch.ContextClassLoaderDispatch.dispatch(ContextClassLoaderDispatch.java:33)
	at org.gradle.internal.dispatch.ProxyDispatchAdapter$DispatchingInvocationHandler.invoke(ProxyDispatchAdapter.java:94)
	at com.sun.proxy.$Proxy2.processTestClass(Unknown Source)
	at org.gradle.api.internal.tasks.testing.worker.TestWorker.processTestClass(TestWorker.java:119)
	at sun.reflect.NativeMethodAccessorImpl.invoke0(Native Method)
	at sun.reflect.NativeMethodAccessorImpl.invoke(NativeMethodAccessorImpl.java:62)
	at sun.reflect.DelegatingMethodAccessorImpl.invoke(DelegatingMethodAccessorImpl.java:43)
	at java.lang.reflect.Method.invoke(Method.java:498)
	at org.gradle.internal.dispatch.ReflectionDispatch.dispatch(ReflectionDispatch.java:36)
	at org.gradle.internal.dispatch.ReflectionDispatch.dispatch(ReflectionDispatch.java:24)
	at org.gradle.internal.remote.internal.hub.MessageHubBackedObjectConnection$DispatchWrapper.dispatch(MessageHubBackedObjectConnection.java:182)
	at org.gradle.internal.remote.internal.hub.MessageHubBackedObjectConnection$DispatchWrapper.dispatch(MessageHubBackedObjectConnection.java:164)
	at org.gradle.internal.remote.internal.hub.MessageHub$Handler.run(MessageHub.java:414)
	at org.gradle.internal.concurrent.ExecutorPolicy$CatchAndRecordFailures.onExecute(ExecutorPolicy.java:64)
	at org.gradle.internal.concurrent.ManagedExecutorImpl$1.run(ManagedExecutorImpl.java:48)
	at java.util.concurrent.ThreadPoolExecutor.runWorker(ThreadPoolExecutor.java:1149)
	at java.util.concurrent.ThreadPoolExecutor$Worker.run(ThreadPoolExecutor.java:624)
	at org.gradle.internal.concurrent.ThreadFactoryImpl$ManagedThreadRunnable.run(ThreadFactoryImpl.java:56)
	at java.lang.Thread.run(Thread.java:750)
</failure>
    <system-out><![CDATA[]]></system-out>
    <system-err><![CDATA[]]></system-err>
  </testcase>
  <system-out><![CDATA[-- listing properties --
accessibility.standards.tags=wcag2a,wcag2aa,wcag21a,wcag21aa
browser.type=chrome
debug.stacktrace=false
get.location.max.retries=3
get.location.timeout=5
logger.resources.url=https://cdn.jsdelivr.net/gh/liferay/liferay-portal@57eaf59a91363ecff85257ad1836f7715a109b33/modules/test/poshi/poshi-runner/src/main/resources/META-INF/resources
mobile.browser=false
output.dir.name=H:\selenium-output\
portal.url=http://liferay.com
poshi.file.read.thread.pool=16
proxy.server.enabled=false
save.screenshot=true
save.web.page=false
tcat.enabled=false
test.assert.console.errors=true
test.assert.javascript.errors=true
test.assert.warning.exceptions=true
test.base.dir.name=.
test.batch.group.ignore.regex=portal.(acceptance|smoke|release).*|priority|testray.*
test.batch.max.group.size=25
test.batch.max.subgroup.size=1
test.batch.run.type=single
test.case.available.property.names=component.names,portal.smoke,testray.main.component.name
test.dependencies.dir.name=dependencies/
test.jvm.max.retries=0
test.name=Google
test.poshi.script.validation=true
test.poshi.warnings.file.name=test-results/poshi-warnings.xml
test.retry.command.wait.time=3
test.run.locally=false
test.skip.tear.down=false
test.testcase.max.retries=0
timeout.explicit.wait=60
timeout.implicit.wait=3

Start reading Poshi files.
Completed reading Poshi files in 582ms.
Start poshi validation.
Completed poshi validation in 3ms.
]]></system-out>
  <system-err><![CDATA[SLF4J: Failed to load class "org.slf4j.impl.StaticLoggerBinder".
SLF4J: Defaulting to no-operation (NOP) logger implementation
SLF4J: See http://www.slf4j.org/codes.html#StaticLoggerBinder for further details.
feb 15, 2023 12:54:50 PM com.liferay.poshi.core.PoshiValidation validateDeprecatedFunction
ADVERTENCIA: Deprecated method "selenium.antCommand" should be replaced with "AntCommands.runCommand" at:
file:///home/manoelcyreno/.gradle/caches/modules-2/files-2.1/com.liferay/com.liferay.poshi.runner.resources/1.0.14/45c037f5bd1aa8655fb049eb3136be852f6d24e8/com.liferay.poshi.runner.resources-1.0.14.jar!/default/testFunctional/functions/AntCommand.function:6
]]></system-err>
</testsuite>
